<?xml version="1.0" encoding="UTF-8"?>
<!-- Generated by org.testng.reporters.JUnitXMLReporter -->
<testsuite ignored="0" hostname="DESKTOP-VTN34JQ" failures="1" tests="1" name="Test1(failed)" time="12.305" errors="0" timestamp="21 Nov 2019 05:12:37 GMT">
  <testcase classname="com.newtours.tescases.Testcase_001" name="test_Login" time="6.229">
    <failure type="java.lang.AssertionError" message="The following asserts failed:
	expected [The title is not matching] but found [true]">
      <![CDATA[java.lang.AssertionError: The following asserts failed:
expected [The title is not matching] but found [true]
at com.newtours.tescases.Testcase_001.test_Login(Testcase_001.java:28)
at java.base/java.util.concurrent.FutureTask.run(FutureTask.java:264)
at java.base/java.util.concurrent.ThreadPoolExecutor.runWorker(ThreadPoolExecutor.java:1128)
at java.base/java.util.concurrent.ThreadPoolExecutor$Worker.run(ThreadPoolExecutor.java:628)
at java.base/java.lang.Thread.run(Thread.java:834)
... Removed 17 stack frames]]>
    </failure>
  </testcase> <!-- test_Login -->
</testsuite> <!-- Test1(failed) -->
